  game.cpp
C:\Users\Admin\Desktop\SpriteEditor\SFML_pc\SFML_project\game.cpp(47,20): warning C4018: '<': signed/unsigned mismatch
C:\Users\Admin\Desktop\SpriteEditor\SFML_pc\SFML_project\game.cpp(71,85): warning C4244: 'argument': conversion from 'T' to 'float', possible loss of data
          with
          [
              T=unsigned int
          ]
C:\Users\Admin\Desktop\SpriteEditor\SFML_pc\SFML_project\game.cpp(71,53): warning C4244: 'argument': conversion from 'T' to 'float', possible loss of data
          with
          [
              T=unsigned int
          ]
C:\Users\Admin\Desktop\SpriteEditor\SFML_pc\SFML_project\game.cpp(74,57): warning C4244: 'argument': conversion from 'T' to 'float', possible loss of data
          with
          [
              T=unsigned int
          ]
C:\Users\Admin\Desktop\SpriteEditor\SFML_pc\SFML_project\game.cpp(74,35): warning C4244: 'argument': conversion from 'T' to 'float', possible loss of data
          with
          [
              T=unsigned int
          ]
C:\Users\Admin\Desktop\SpriteEditor\SFML_pc\SFML_project\game.cpp(75,64): warning C4244: 'argument': conversion from 'T' to 'T', possible loss of data
          with
          [
              T=unsigned int
          ]
          and
          [
              T=float
          ]
C:\Users\Admin\Desktop\SpriteEditor\SFML_pc\SFML_project\game.cpp(75,44): warning C4244: 'argument': conversion from 'T' to 'T', possible loss of data
          with
          [
              T=unsigned int
          ]
          and
          [
              T=float
          ]
C:\Users\Admin\Desktop\SpriteEditor\SFML_pc\SFML_project\game.cpp(83,20): warning C4018: '<': signed/unsigned mismatch
C:\Users\Admin\Desktop\SpriteEditor\SFML_pc\SFML_project\game.cpp(93,20): warning C4018: '<': signed/unsigned mismatch
C:\Users\Admin\Desktop\SpriteEditor\SFML_pc\SFML_project\game.cpp(136,33): warning C4305: 'argument': truncation from 'double' to 'float'
C:\Users\Admin\Desktop\SpriteEditor\SFML_pc\SFML_project\game.cpp(138,20): warning C4018: '<': signed/unsigned mismatch
C:\Users\Admin\Desktop\SpriteEditor\SFML_pc\SFML_project\game.cpp(144,20): warning C4018: '<': signed/unsigned mismatch
C:\Users\Admin\Desktop\SpriteEditor\SFML_pc\SFML_project\game.cpp(148,20): warning C4018: '<': signed/unsigned mismatch
  SFML_project.vcxproj -> C:\Users\Admin\Desktop\SpriteEditor\SFML_pc\Debug\SFML_project.exe
